<?xml version="1.0" encoding="UTF-8"?>
<testng-results ignored="0" total="6" passed="6" failed="0" skipped="0">
  <reporter-output>
  </reporter-output>
  <suite started-at="2024-11-06T23:43:53 IST" name="Default suite" finished-at="2024-11-06T23:44:42 IST" duration-ms="48618">
    <groups>
    </groups>
    <test started-at="2024-11-06T23:43:53 IST" name="Default test" finished-at="2024-11-06T23:44:42 IST" duration-ms="48618">
      <class name="testpackage.Targettest">
        <test-method is-config="true" signature="setUp()[pri:0, instance:testpackage.Targettest@449a4f23]" started-at="2024-11-06T23:43:53 IST" name="setUp" finished-at="2024-11-06T23:44:04 IST" duration-ms="10607" status="PASS">
          <reporter-output>
          </reporter-output>
        </test-method> <!-- setUp -->
        <test-method signature="test1()[pri:0, instance:testpackage.Targettest@449a4f23]" started-at="2024-11-06T23:44:04 IST" name="test1" finished-at="2024-11-06T23:44:12 IST" duration-ms="8073" status="PASS">
          <reporter-output>
          </reporter-output>
        </test-method> <!-- test1 -->
        <test-method signature="test2()[pri:0, instance:testpackage.Targettest@449a4f23]" started-at="2024-11-06T23:44:12 IST" name="test2" finished-at="2024-11-06T23:44:12 IST" duration-ms="124" status="PASS">
          <reporter-output>
          </reporter-output>
        </test-method> <!-- test2 -->
        <test-method signature="test3()[pri:0, instance:testpackage.Targettest@449a4f23]" started-at="2024-11-06T23:44:12 IST" name="test3" finished-at="2024-11-06T23:44:12 IST" duration-ms="46" status="PASS">
          <reporter-output>
          </reporter-output>
        </test-method> <!-- test3 -->
        <test-method signature="test4()[pri:0, instance:testpackage.Targettest@449a4f23]" started-at="2024-11-06T23:44:12 IST" name="test4" finished-at="2024-11-06T23:44:18 IST" duration-ms="5472" status="PASS">
          <reporter-output>
          </reporter-output>
        </test-method> <!-- test4 -->
        <test-method signature="test5()[pri:0, instance:testpackage.Targettest@449a4f23]" started-at="2024-11-06T23:44:18 IST" name="test5" finished-at="2024-11-06T23:44:34 IST" duration-ms="15953" status="PASS">
          <reporter-output>
          </reporter-output>
        </test-method> <!-- test5 -->
        <test-method signature="test6()[pri:0, instance:testpackage.Targettest@449a4f23]" started-at="2024-11-06T23:44:34 IST" name="test6" finished-at="2024-11-06T23:44:42 IST" duration-ms="8248" status="PASS">
          <reporter-output>
          </reporter-output>
        </test-method> <!-- test6 -->
      </class> <!-- testpackage.Targettest -->
    </test> <!-- Default test -->
  </suite> <!-- Default suite -->
</testng-results>
